<?xml version="1.0" encoding="UTF-8"?>
<!-- Generated by org.testng.reporters.JUnitXMLReporter -->
<testsuite ignored="2" hostname="Subhashs-Macbook-Air.local" failures="0" tests="2" name="Test" time="0.026" errors="0" timestamp="2025-08-26T15:28:23 IST">
  <testcase classname="pac1.TC_010_Groups" name="test4" time="0.005"/>
  <testcase classname="pac1.TC_010_Groups" name="test2" time="0.0"/>
  <testcase classname="pac1.TC_010_Groups" name="test1" time="0.0">
    <ignored/>
  </testcase> <!-- test1 -->
  <testcase classname="pac1.TC_010_Groups" name="test3" time="0.0">
    <ignored/>
  </testcase> <!-- test3 -->
</testsuite> <!-- Test -->
