<?xml version="1.0" encoding="UTF-8"?>
<testng-results ignored="0" total="3" passed="2" failed="1" skipped="0">
  <reporter-output>
  </reporter-output>
  <suite started-at="2025-08-29T15:28:35 IST" name="Default suite" finished-at="2025-08-29T15:29:11 IST" duration-ms="35521">
    <groups>
    </groups>
    <test started-at="2025-08-29T15:28:35 IST" name="Default test" finished-at="2025-08-29T15:29:11 IST" duration-ms="35521">
      <class name="com.orangehrm.tests.Login_Orangehrm">
        <test-method is-config="true" signature="setupreport()[pri:0, instance:com.orangehrm.tests.Login_Orangehrm@74e52ef6]" started-at="2025-08-29T15:28:35 IST" name="setupreport" finished-at="2025-08-29T15:28:35 IST" duration-ms="81" status="PASS">
          <reporter-output>
          </reporter-output>
        </test-method> <!-- setupreport -->
        <test-method is-config="true" signature="setUp()[pri:0, instance:com.orangehrm.tests.Login_Orangehrm@74e52ef6]" started-at="2025-08-29T15:28:35 IST" name="setUp" finished-at="2025-08-29T15:28:41 IST" duration-ms="5952" status="PASS">
          <reporter-output>
          </reporter-output>
        </test-method> <!-- setUp -->
        <test-method signature="verifylogin(java.lang.String,java.lang.String)[pri:0, instance:com.orangehrm.tests.Login_Orangehrm@74e52ef6]" started-at="2025-08-29T15:28:41 IST" name="verifylogin" data-provider="logindata" finished-at="2025-08-29T15:28:44 IST" duration-ms="2943" status="PASS">
          <params>
            <param index="0">
              <value>
                <![CDATA[Admin]]>
              </value>
            </param>
            <param index="1">
              <value>
                <![CDATA[admin123]]>
              </value>
            </param>
          </params>
          <reporter-output>
          </reporter-output>
        </test-method> <!-- verifylogin -->
        <test-method is-config="true" signature="teardown()[pri:0, instance:com.orangehrm.tests.Login_Orangehrm@74e52ef6]" started-at="2025-08-29T15:28:44 IST" name="teardown" finished-at="2025-08-29T15:28:44 IST" duration-ms="107" status="PASS">
          <reporter-output>
          </reporter-output>
        </test-method> <!-- teardown -->
        <test-method is-config="true" signature="setUp()[pri:0, instance:com.orangehrm.tests.Login_Orangehrm@74e52ef6]" started-at="2025-08-29T15:28:44 IST" name="setUp" finished-at="2025-08-29T15:28:46 IST" duration-ms="1487" status="PASS">
          <reporter-output>
          </reporter-output>
        </test-method> <!-- setUp -->
        <test-method signature="verifylogin(java.lang.String,java.lang.String)[pri:0, instance:com.orangehrm.tests.Login_Orangehrm@74e52ef6]" started-at="2025-08-29T15:28:46 IST" name="verifylogin" data-provider="logindata" finished-at="2025-08-29T15:29:04 IST" duration-ms="17637" status="FAIL">
          <params>
            <param index="0">
              <value>
                <![CDATA[Admin]]>
              </value>
            </param>
            <param index="1">
              <value>
                <![CDATA[admin124]]>
              </value>
            </param>
          </params>
          <exception class="org.openqa.selenium.NoSuchElementException">
            <message>
              <![CDATA[no such element: Unable to locate element: {"method":"xpath","selector":"//h6[text()='Dashboard']"}
  (Session info: chrome=139.0.7258.139)
For documentation on this error, please visit: https://www.selenium.dev/documentation/webdriver/troubleshooting/errors#no-such-element-exception
Build info: version: '4.35.0', revision: '1c58e5028b'
System info: os.name: 'Mac OS X', os.arch: 'aarch64', os.version: '15.6.1', java.version: '21.0.8'
Driver info: org.openqa.selenium.chrome.ChromeDriver
Command: [0555e1f94503dbccfd0f9e0f6ea05c97, findElement {value=//h6[text()='Dashboard'], using=xpath}]
Capabilities {acceptInsecureCerts: false, browserName: chrome, browserVersion: 139.0.7258.139, chrome: {chromedriverVersion: 139.0.7258.154 (9e0d6b2b47f..., userDataDir: /var/folders/rv/19zs19sx2_j...}, fedcm:accounts: true, goog:chromeOptions: {debuggerAddress: localhost:50351}, networkConnectionEnabled: false, pageLoadStrategy: normal, platformName: mac, proxy: Proxy(), se:cdp: ws://localhost:50351/devtoo..., se:cdpVersion: 139.0.7258.139, setWindowRect: true, strictFileInteractability: false, timeouts: {implicit: 0, pageLoad: 300000, script: 30000}, unhandledPromptBehavior: dismiss and notify, webauthn:extension:credBlob: true, webauthn:extension:largeBlob: true, webauthn:extension:minPinLength: true, webauthn:extension:prf: true, webauthn:virtualAuthenticators: true}
Session ID: 0555e1f94503dbccfd0f9e0f6ea05c97]]>
            </message>
            <full-stacktrace>
              <![CDATA[org.openqa.selenium.NoSuchElementException: no such element: Unable to locate element: {"method":"xpath","selector":"//h6[text()='Dashboard']"}
  (Session info: chrome=139.0.7258.139)
For documentation on this error, please visit: https://www.selenium.dev/documentation/webdriver/troubleshooting/errors#no-such-element-exception
Build info: version: '4.35.0', revision: '1c58e5028b'
System info: os.name: 'Mac OS X', os.arch: 'aarch64', os.version: '15.6.1', java.version: '21.0.8'
Driver info: org.openqa.selenium.chrome.ChromeDriver
Command: [0555e1f94503dbccfd0f9e0f6ea05c97, findElement {value=//h6[text()='Dashboard'], using=xpath}]
Capabilities {acceptInsecureCerts: false, browserName: chrome, browserVersion: 139.0.7258.139, chrome: {chromedriverVersion: 139.0.7258.154 (9e0d6b2b47f..., userDataDir: /var/folders/rv/19zs19sx2_j...}, fedcm:accounts: true, goog:chromeOptions: {debuggerAddress: localhost:50351}, networkConnectionEnabled: false, pageLoadStrategy: normal, platformName: mac, proxy: Proxy(), se:cdp: ws://localhost:50351/devtoo..., se:cdpVersion: 139.0.7258.139, setWindowRect: true, strictFileInteractability: false, timeouts: {implicit: 0, pageLoad: 300000, script: 30000}, unhandledPromptBehavior: dismiss and notify, webauthn:extension:credBlob: true, webauthn:extension:largeBlob: true, webauthn:extension:minPinLength: true, webauthn:extension:prf: true, webauthn:virtualAuthenticators: true}
Session ID: 0555e1f94503dbccfd0f9e0f6ea05c97
at java.base/jdk.internal.reflect.DirectConstructorHandleAccessor.newInstance(DirectConstructorHandleAccessor.java:62)
at java.base/java.lang.reflect.Constructor.newInstanceWithCaller(Constructor.java:502)
at java.base/java.lang.reflect.Constructor.newInstance(Constructor.java:486)
at org.openqa.selenium.remote.ErrorCodec.decode(ErrorCodec.java:167)
at org.openqa.selenium.remote.codec.w3c.W3CHttpResponseCodec.decode(W3CHttpResponseCodec.java:138)
at org.openqa.selenium.remote.codec.w3c.W3CHttpResponseCodec.decode(W3CHttpResponseCodec.java:50)
at org.openqa.selenium.remote.HttpCommandExecutor.execute(HttpCommandExecutor.java:215)
at org.openqa.selenium.remote.service.DriverCommandExecutor.invokeExecute(DriverCommandExecutor.java:216)
at org.openqa.selenium.remote.service.DriverCommandExecutor.execute(DriverCommandExecutor.java:174)
at org.openqa.selenium.remote.RemoteWebDriver.execute(RemoteWebDriver.java:557)
at org.openqa.selenium.remote.ElementLocation$ElementFinder$2.findElement(ElementLocation.java:165)
at org.openqa.selenium.remote.ElementLocation.findElement(ElementLocation.java:59)
at org.openqa.selenium.remote.RemoteWebDriver.findElement(RemoteWebDriver.java:380)
at org.openqa.selenium.remote.RemoteWebDriver.findElement(RemoteWebDriver.java:374)
at com.orangehrm.pages.LoginPage.dashisdisplayed(LoginPage.java:30)
at com.orangehrm.tests.Login_Orangehrm.verifylogin(Login_Orangehrm.java:29)
at java.base/jdk.internal.reflect.DirectMethodHandleAccessor.invoke(DirectMethodHandleAccessor.java:103)
at java.base/java.lang.reflect.Method.invoke(Method.java:580)
at org.testng.internal.invokers.MethodInvocationHelper.invokeMethod(MethodInvocationHelper.java:141)
at org.testng.internal.invokers.TestInvoker.invokeMethod(TestInvoker.java:687)
at org.testng.internal.invokers.TestInvoker.invokeTestMethod(TestInvoker.java:230)
at org.testng.internal.invokers.MethodRunner.runInSequence(MethodRunner.java:63)
at org.testng.internal.invokers.TestInvoker$MethodInvocationAgent.invoke(TestInvoker.java:995)
at org.testng.internal.invokers.TestInvoker.invokeTestMethods(TestInvoker.java:203)
at org.testng.internal.invokers.TestMethodWorker.invokeTestMethods(TestMethodWorker.java:154)
at org.testng.internal.invokers.TestMethodWorker.run(TestMethodWorker.java:134)
at java.base/java.util.ArrayList.forEach(ArrayList.java:1596)
at org.testng.TestRunner.privateRun(TestRunner.java:741)
at org.testng.TestRunner.run(TestRunner.java:616)
at org.testng.SuiteRunner.runTest(SuiteRunner.java:421)
at org.testng.SuiteRunner.runSequentially(SuiteRunner.java:413)
at org.testng.SuiteRunner.privateRun(SuiteRunner.java:373)
at org.testng.SuiteRunner.run(SuiteRunner.java:312)
at org.testng.SuiteRunnerWorker.runSuite(SuiteRunnerWorker.java:52)
at org.testng.SuiteRunnerWorker.run(SuiteRunnerWorker.java:95)
at org.testng.TestNG.runSuitesSequentially(TestNG.java:1274)
at org.testng.TestNG.runSuitesLocally(TestNG.java:1208)
at org.testng.TestNG.runSuites(TestNG.java:1112)
at org.testng.TestNG.run(TestNG.java:1079)
at org.testng.remote.AbstractRemoteTestNG.run(AbstractRemoteTestNG.java:115)
at org.testng.remote.RemoteTestNG.initAndRun(RemoteTestNG.java:293)
at org.testng.remote.RemoteTestNG.main(RemoteTestNG.java:91)
]]>
            </full-stacktrace>
          </exception> <!-- org.openqa.selenium.NoSuchElementException -->
          <reporter-output>
          </reporter-output>
        </test-method> <!-- verifylogin -->
        <test-method is-config="true" signature="teardown()[pri:0, instance:com.orangehrm.tests.Login_Orangehrm@74e52ef6]" started-at="2025-08-29T15:29:04 IST" name="teardown" finished-at="2025-08-29T15:29:04 IST" duration-ms="90" status="PASS">
          <reporter-output>
          </reporter-output>
        </test-method> <!-- teardown -->
        <test-method is-config="true" signature="setUp()[pri:0, instance:com.orangehrm.tests.Login_Orangehrm@74e52ef6]" started-at="2025-08-29T15:29:04 IST" name="setUp" finished-at="2025-08-29T15:29:05 IST" duration-ms="1480" status="PASS">
          <reporter-output>
          </reporter-output>
        </test-method> <!-- setUp -->
        <test-method signature="verifylogin(java.lang.String,java.lang.String)[pri:0, instance:com.orangehrm.tests.Login_Orangehrm@74e52ef6]" started-at="2025-08-29T15:29:05 IST" name="verifylogin" data-provider="logindata" finished-at="2025-08-29T15:29:11 IST" duration-ms="5503" status="PASS">
          <params>
            <param index="0">
              <value>
                <![CDATA[Admin]]>
              </value>
            </param>
            <param index="1">
              <value>
                <![CDATA[admin123]]>
              </value>
            </param>
          </params>
          <reporter-output>
          </reporter-output>
        </test-method> <!-- verifylogin -->
        <test-method is-config="true" signature="teardown()[pri:0, instance:com.orangehrm.tests.Login_Orangehrm@74e52ef6]" started-at="2025-08-29T15:29:11 IST" name="teardown" finished-at="2025-08-29T15:29:11 IST" duration-ms="87" status="PASS">
          <reporter-output>
          </reporter-output>
        </test-method> <!-- teardown -->
        <test-method is-config="true" signature="flushreport()[pri:0, instance:com.orangehrm.tests.Login_Orangehrm@74e52ef6]" started-at="2025-08-29T15:29:11 IST" name="flushreport" finished-at="2025-08-29T15:29:11 IST" duration-ms="135" status="PASS">
          <reporter-output>
          </reporter-output>
        </test-method> <!-- flushreport -->
      </class> <!-- com.orangehrm.tests.Login_Orangehrm -->
    </test> <!-- Default test -->
  </suite> <!-- Default suite -->
</testng-results>
